<?xml version="1.0" encoding="UTF-8"?>
<!-- Generated by org.testng.reporters.JUnitReportReporter -->
<testsuite hostname="WKWIN8373163" name="com.barcode.BarCodeTest" tests="1" failures="0" timestamp="17 Oct 2018 14:43:45 GMT" time="11.820" errors="0">
  <testcase name="barCodeTest" time="11.820" classname="com.barcode.BarCodeTest"/>
</testsuite> <!-- com.barcode.BarCodeTest -->
