<?xml version="1.0" encoding="UTF-8"?>
<!-- Generated by org.testng.reporters.JUnitReportReporter -->
<testsuite hostname="WKWIN2458637" name="utility.AmazonAWSS3" tests="1" failures="0" timestamp="3 Aug 2018 12:56:02 GMT" time="2.733" errors="1">
  <testcase name="s3BrowserCon" time="2.733" classname="utility.AmazonAWSS3">
    <error type="com.amazonaws.services.s3.model.AmazonS3Exception" message="The AWS Access Key Id you provided does not exist in our records. (Service: Amazon S3; Status Code: 403; Error Code: InvalidAccessKeyId; Request ID: B732B13919337C5F)">
      <![CDATA[com.amazonaws.services.s3.model.AmazonS3Exception: The AWS Access Key Id you provided does not exist in our records. (Service: Amazon S3; Status Code: 403; Error Code: InvalidAccessKeyId; Request ID: B732B13919337C5F), S3 Extended Request ID: DZYcQagPykXu//XaebNKDxJdhumM0zWN7Jyb3CvFg3tmFvx9wOeaWbAjRGaNzWkV/ishcHD9BOw=
	at com.amazonaws.http.AmazonHttpClient.handleErrorResponse(AmazonHttpClient.java:1071)
	at com.amazonaws.http.AmazonHttpClient.executeOneRequest(AmazonHttpClient.java:719)
	at com.amazonaws.http.AmazonHttpClient.executeHelper(AmazonHttpClient.java:454)
	at com.amazonaws.http.AmazonHttpClient.execute(AmazonHttpClient.java:294)
	at com.amazonaws.services.s3.AmazonS3Client.invoke(AmazonS3Client.java:3658)
	at com.amazonaws.services.s3.AmazonS3Client.invoke(AmazonS3Client.java:3608)
	at com.amazonaws.services.s3.AmazonS3Client.listBuckets(AmazonS3Client.java:672)
	at com.amazonaws.services.s3.AmazonS3Client.listBuckets(AmazonS3Client.java:680)
	at utility.AmazonAWSS3.s3BrowserCon(AmazonAWSS3.java:60)
	at sun.reflect.NativeMethodAccessorImpl.invoke0(Native Method)
	at sun.reflect.NativeMethodAccessorImpl.invoke(NativeMethodAccessorImpl.java:62)
	at sun.reflect.DelegatingMethodAccessorImpl.invoke(DelegatingMethodAccessorImpl.java:43)
	at java.lang.reflect.Method.invoke(Method.java:498)
	at org.testng.internal.MethodInvocationHelper.invokeMethod(MethodInvocationHelper.java:85)
	at org.testng.internal.Invoker.invokeMethod(Invoker.java:639)
	at org.testng.internal.Invoker.invokeTestMethod(Invoker.java:821)
	at org.testng.internal.Invoker.invokeTestMethods(Invoker.java:1131)
	at org.testng.internal.TestMethodWorker.invokeTestMethods(TestMethodWorker.java:124)
	at org.testng.internal.TestMethodWorker.run(TestMethodWorker.java:108)
	at org.testng.TestRunner.privateRun(TestRunner.java:773)
	at org.testng.TestRunner.run(TestRunner.java:623)
	at org.testng.SuiteRunner.runTest(SuiteRunner.java:357)
	at org.testng.SuiteRunner.runSequentially(SuiteRunner.java:352)
	at org.testng.SuiteRunner.privateRun(SuiteRunner.java:310)
	at org.testng.SuiteRunner.run(SuiteRunner.java:259)
	at org.testng.SuiteRunnerWorker.runSuite(SuiteRunnerWorker.java:52)
	at org.testng.SuiteRunnerWorker.run(SuiteRunnerWorker.java:86)
	at org.testng.TestNG.runSuitesSequentially(TestNG.java:1185)
	at org.testng.TestNG.runSuitesLocally(TestNG.java:1110)
	at org.testng.TestNG.run(TestNG.java:1018)
	at org.testng.remote.AbstractRemoteTestNG.run(AbstractRemoteTestNG.java:114)
	at org.testng.remote.RemoteTestNG.initAndRun(RemoteTestNG.java:251)
	at org.testng.remote.RemoteTestNG.main(RemoteTestNG.java:77)
]]>
    </error>
  </testcase> <!-- s3BrowserCon -->
</testsuite> <!-- utility.AmazonAWSS3 -->
