<?xml version="1.0" encoding="UTF-8"?>
<!-- Generated by org.testng.reporters.JUnitReportReporter -->
<testsuite hostname="WKWIN2458637" name="example.NewTest_ExtentReport" tests="2" failures="0" timestamp="3 Jul 2018 19:15:44 GMT" time="51.031" errors="0">
  <testcase name="testEasy" time="48.627" classname="example.NewTest_ExtentReport"/>
  <testcase name="captureScreenshot" time="2.404" classname="example.NewTest_ExtentReport"/>
</testsuite> <!-- example.NewTest_ExtentReport -->
