<?xml version="1.0" encoding="UTF-8"?>
<!-- Generated by org.testng.reporters.JUnitReportReporter -->
<testsuite hostname="WKWIN8373163" name="testScript.NewTest_ExtentReportV3" tests="2" failures="0" timestamp="18 Oct 2018 09:49:28 GMT" time="31.542" errors="0">
  <testcase name="ListFilesUtilOperation" time="0.641" classname="testScript.NewTest_ExtentReportV3"/>
  <testcase name="brokenLinks" time="30.901" classname="testScript.NewTest_ExtentReportV3"/>
</testsuite> <!-- testScript.NewTest_ExtentReportV3 -->
