<?xml version="1.0" encoding="UTF-8"?>
<!-- Generated by org.testng.reporters.JUnitReportReporter -->
<testsuite hostname="WKWIN8373163" name="gridTest.TestGrid" tests="1" failures="0" timestamp="24 Nov 2018 19:01:25 GMT" time="34.147" errors="0">
  <testcase name="simpleTest" time="34.147" classname="gridTest.TestGrid"/>
</testsuite> <!-- gridTest.TestGrid -->
